2025-10-03 21:42:47,690 - __main__ - INFO - ============================================================
2025-10-03 21:42:47,690 - __main__ - INFO - STORY-002 BUILDé˜¶æ®µDay1 ä»»åŠ¡1.2 æµ‹è¯•
2025-10-03 21:42:47,690 - __main__ - INFO - ============================================================
2025-10-03 21:42:47,690 - __main__ - INFO - 
--- StyledComponentåŸºç±» ---
2025-10-03 21:42:47,690 - __main__ - INFO - å¼€å§‹æµ‹è¯• StyledComponent...
2025-10-03 21:42:47,923 - theme_system.theme_manager - INFO - å·²åŠ è½½ 4 ä¸ªä¸»é¢˜
2025-10-03 21:42:47,923 - theme_system.theme_manager - INFO - åº”ç”¨é»˜è®¤ä¸»é¢˜: dark
2025-10-03 21:42:47,923 - theme_system.theme_manager - INFO - ä¸»é¢˜ç®¡ç†å™¨åˆå§‹åŒ–å®Œæˆ
2025-10-03 21:42:47,924 - __main__ - ERROR - âŒ StyledComponent æµ‹è¯•å¤±è´¥: 'TestStyledButton' object has no attribute '_text_label'
2025-10-03 21:42:47,925 - __main__ - ERROR - é”™è¯¯è¯¦æƒ…:
Traceback (most recent call last):
  File "D:\AI_NovelGenerator\test_base_components.py", line 84, in test_styled_component
    test_button = TestStyledButton(
                  ^^^^^^^^^^^^^^^^^
  File "D:\AI_NovelGenerator\test_base_components.py", line 41, in __init__
    StyledComponent.__init__(self, parent, theme_manager, state_manager)
  File "D:\AI_NovelGenerator\ui\components\base_components.py", line 70, in __init__
    self._initialize_component()
  File "D:\AI_NovelGenerator\test_base_components.py", line 46, in _initialize_component
    self.configure(
  File "D:\AI_NovelGenerator\.venv\Lib\site-packages\customtkinter\windows\widgets\ctk_button.py", line 394, in configure
    if self._text_label is None:
       ^^^^^^^^^^^^^^^^
AttributeError: 'TestStyledButton' object has no attribute '_text_label'

2025-10-03 21:42:47,925 - __main__ - ERROR - âŒ StyledComponentåŸºç±» å¤±è´¥
2025-10-03 21:42:47,925 - __main__ - INFO - 
--- ComponentFactoryå·¥å‚ ---
2025-10-03 21:42:47,925 - __main__ - INFO - å¼€å§‹æµ‹è¯• ComponentFactory...
2025-10-03 21:42:47,926 - ui.components.base_components - INFO - æ³¨å†Œç»„ä»¶ç±»å‹: test_button -> TestStyledButton
2025-10-03 21:42:47,926 - __main__ - INFO - âœ… ç»„ä»¶æ³¨å†ŒéªŒè¯é€šè¿‡
2025-10-03 21:42:47,926 - __main__ - INFO - âœ… æ³¨å†Œç±»å‹éªŒè¯é€šè¿‡
2025-10-03 21:42:47,984 - __main__ - ERROR - âŒ ComponentFactory æµ‹è¯•å¤±è´¥: name 'ThemeManager' is not defined
2025-10-03 21:42:47,984 - __main__ - ERROR - é”™è¯¯è¯¦æƒ…:
Traceback (most recent call last):
  File "D:\AI_NovelGenerator\test_base_components.py", line 168, in test_component_factory
    theme_manager = ThemeManager()
                    ^^^^^^^^^^^^
NameError: name 'ThemeManager' is not defined

2025-10-03 21:42:47,984 - __main__ - ERROR - âŒ ComponentFactoryå·¥å‚ å¤±è´¥
2025-10-03 21:42:47,984 - __main__ - INFO - 
--- ä¾¿æ·å‡½æ•° ---
2025-10-03 21:42:47,984 - __main__ - INFO - å¼€å§‹æµ‹è¯•ä¾¿æ·å‡½æ•°...
2025-10-03 21:42:47,984 - ui.components.base_components - INFO - æ³¨å†Œç»„ä»¶ç±»å‹: test_button2 -> TestStyledButton
2025-10-03 21:42:47,984 - __main__ - INFO - âœ… ä¾¿æ·å‡½æ•°æ³¨å†ŒéªŒè¯é€šè¿‡
2025-10-03 21:42:48,029 - __main__ - ERROR - âŒ ä¾¿æ·å‡½æ•°æµ‹è¯•å¤±è´¥: name 'ThemeManager' is not defined
2025-10-03 21:42:48,029 - __main__ - ERROR - é”™è¯¯è¯¦æƒ…:
Traceback (most recent call last):
  File "D:\AI_NovelGenerator\test_base_components.py", line 229, in test_convenience_functions
    theme_manager = ThemeManager()
                    ^^^^^^^^^^^^
NameError: name 'ThemeManager' is not defined

2025-10-03 21:42:48,029 - __main__ - ERROR - âŒ ä¾¿æ·å‡½æ•° å¤±è´¥
2025-10-03 21:42:48,029 - __main__ - INFO - 
--- ç»„ä»¶ç”Ÿå‘½å‘¨æœŸ ---
2025-10-03 21:42:48,029 - __main__ - INFO - å¼€å§‹æµ‹è¯•ç»„ä»¶ç”Ÿå‘½å‘¨æœŸ...
2025-10-03 21:42:48,069 - __main__ - ERROR - âŒ ç»„ä»¶ç”Ÿå‘½å‘¨æœŸæµ‹è¯•å¤±è´¥: name 'ThemeManager' is not defined
2025-10-03 21:42:48,070 - __main__ - ERROR - é”™è¯¯è¯¦æƒ…:
Traceback (most recent call last):
  File "D:\AI_NovelGenerator\test_base_components.py", line 269, in test_component_lifecycle
    theme_manager = ThemeManager()
                    ^^^^^^^^^^^^
NameError: name 'ThemeManager' is not defined

2025-10-03 21:42:48,070 - __main__ - ERROR - âŒ ç»„ä»¶ç”Ÿå‘½å‘¨æœŸ å¤±è´¥
2025-10-03 21:42:48,070 - __main__ - INFO - 
============================================================
2025-10-03 21:42:48,070 - __main__ - INFO - æµ‹è¯•ç»“æœ: 0/4 é€šè¿‡
2025-10-03 21:42:48,070 - __main__ - INFO - ============================================================
2025-10-03 21:42:48,070 - __main__ - ERROR - ğŸ’¥ æœ‰ 4 ä¸ªæµ‹è¯•å¤±è´¥
