2025-10-03 21:42:47,690 - __main__ - INFO - ============================================================
2025-10-03 21:42:47,690 - __main__ - INFO - STORY-002 BUILDé˜¶æ®µDay1 ä»»åŠ¡1.2 æµ‹è¯•
2025-10-03 21:42:47,690 - __main__ - INFO - ============================================================
2025-10-03 21:42:47,690 - __main__ - INFO - 
--- StyledComponentåŸºç±» ---
2025-10-03 21:42:47,690 - __main__ - INFO - å¼€å§‹æµ‹è¯• StyledComponent...
2025-10-03 21:42:47,923 - theme_system.theme_manager - INFO - å·²åŠ è½½ 4 ä¸ªä¸»é¢˜
2025-10-03 21:42:47,923 - theme_system.theme_manager - INFO - åº”ç”¨é»˜è®¤ä¸»é¢˜: dark
2025-10-03 21:42:47,923 - theme_system.theme_manager - INFO - ä¸»é¢˜ç®¡ç†å™¨åˆå§‹åŒ–å®Œæˆ
2025-10-03 21:42:47,924 - __main__ - ERROR - âŒ StyledComponent æµ‹è¯•å¤±è´¥: 'TestStyledButton' object has no attribute '_text_label'
2025-10-03 21:42:47,925 - __main__ - ERROR - é”™è¯¯è¯¦æƒ…:
Traceback (most recent call last):
  File "D:\AI_NovelGenerator\test_base_components.py", line 84, in test_styled_component
    test_button = TestStyledButton(
                  ^^^^^^^^^^^^^^^^^
  File "D:\AI_NovelGenerator\test_base_components.py", line 41, in __init__
    StyledComponent.__init__(self, parent, theme_manager, state_manager)
  File "D:\AI_NovelGenerator\ui\components\base_components.py", line 70, in __init__
    self._initialize_component()
  File "D:\AI_NovelGenerator\test_base_components.py", line 46, in _initialize_component
    self.configure(
  File "D:\AI_NovelGenerator\.venv\Lib\site-packages\customtkinter\windows\widgets\ctk_button.py", line 394, in configure
    if self._text_label is None:
       ^^^^^^^^^^^^^^^^
AttributeError: 'TestStyledButton' object has no attribute '_text_label'

2025-10-03 21:42:47,925 - __main__ - ERROR - âŒ StyledComponentåŸºç±» å¤±è´¥
2025-10-03 21:42:47,925 - __main__ - INFO - 
--- ComponentFactoryå·¥å‚ ---
2025-10-03 21:42:47,925 - __main__ - INFO - å¼€å§‹æµ‹è¯• ComponentFactory...
2025-10-03 21:42:47,926 - ui.components.base_components - INFO - æ³¨å†Œç»„ä»¶ç±»å‹: test_button -> TestStyledButton
2025-10-03 21:42:47,926 - __main__ - INFO - âœ… ç»„ä»¶æ³¨å†ŒéªŒè¯é€šè¿‡
2025-10-03 21:42:47,926 - __main__ - INFO - âœ… æ³¨å†Œç±»å‹éªŒè¯é€šè¿‡
2025-10-03 21:42:47,984 - __main__ - ERROR - âŒ ComponentFactory æµ‹è¯•å¤±è´¥: name 'ThemeManager' is not defined
2025-10-03 21:42:47,984 - __main__ - ERROR - é”™è¯¯è¯¦æƒ…:
Traceback (most recent call last):
  File "D:\AI_NovelGenerator\test_base_components.py", line 168, in test_component_factory
    theme_manager = ThemeManager()
                    ^^^^^^^^^^^^
NameError: name 'ThemeManager' is not defined

2025-10-03 21:42:47,984 - __main__ - ERROR - âŒ ComponentFactoryå·¥å‚ å¤±è´¥
2025-10-03 21:42:47,984 - __main__ - INFO - 
--- ä¾¿æ·å‡½æ•° ---
2025-10-03 21:42:47,984 - __main__ - INFO - å¼€å§‹æµ‹è¯•ä¾¿æ·å‡½æ•°...
2025-10-03 21:42:47,984 - ui.components.base_components - INFO - æ³¨å†Œç»„ä»¶ç±»å‹: test_button2 -> TestStyledButton
2025-10-03 21:42:47,984 - __main__ - INFO - âœ… ä¾¿æ·å‡½æ•°æ³¨å†ŒéªŒè¯é€šè¿‡
2025-10-03 21:42:48,029 - __main__ - ERROR - âŒ ä¾¿æ·å‡½æ•°æµ‹è¯•å¤±è´¥: name 'ThemeManager' is not defined
2025-10-03 21:42:48,029 - __main__ - ERROR - é”™è¯¯è¯¦æƒ…:
Traceback (most recent call last):
  File "D:\AI_NovelGenerator\test_base_components.py", line 229, in test_convenience_functions
    theme_manager = ThemeManager()
                    ^^^^^^^^^^^^
NameError: name 'ThemeManager' is not defined

2025-10-03 21:42:48,029 - __main__ - ERROR - âŒ ä¾¿æ·å‡½æ•° å¤±è´¥
2025-10-03 21:42:48,029 - __main__ - INFO - 
--- ç»„ä»¶ç”Ÿå‘½å‘¨æœŸ ---
2025-10-03 21:42:48,029 - __main__ - INFO - å¼€å§‹æµ‹è¯•ç»„ä»¶ç”Ÿå‘½å‘¨æœŸ...
2025-10-03 21:42:48,069 - __main__ - ERROR - âŒ ç»„ä»¶ç”Ÿå‘½å‘¨æœŸæµ‹è¯•å¤±è´¥: name 'ThemeManager' is not defined
2025-10-03 21:42:48,070 - __main__ - ERROR - é”™è¯¯è¯¦æƒ…:
Traceback (most recent call last):
  File "D:\AI_NovelGenerator\test_base_components.py", line 269, in test_component_lifecycle
    theme_manager = ThemeManager()
                    ^^^^^^^^^^^^
NameError: name 'ThemeManager' is not defined

2025-10-03 21:42:48,070 - __main__ - ERROR - âŒ ç»„ä»¶ç”Ÿå‘½å‘¨æœŸ å¤±è´¥
2025-10-03 21:42:48,070 - __main__ - INFO - 
============================================================
2025-10-03 21:42:48,070 - __main__ - INFO - æµ‹è¯•ç»“æœ: 0/4 é€šè¿‡
2025-10-03 21:42:48,070 - __main__ - INFO - ============================================================
2025-10-03 21:42:48,070 - __main__ - ERROR - ğŸ’¥ æœ‰ 4 ä¸ªæµ‹è¯•å¤±è´¥
2025-10-03 21:43:28,016 - __main__ - INFO - ============================================================
2025-10-03 21:43:28,016 - __main__ - INFO - STORY-002 BUILDé˜¶æ®µDay1 ä»»åŠ¡1.2 æµ‹è¯•
2025-10-03 21:43:28,016 - __main__ - INFO - ============================================================
2025-10-03 21:43:28,016 - __main__ - INFO - 
--- StyledComponentåŸºç±» ---
2025-10-03 21:43:28,017 - __main__ - INFO - å¼€å§‹æµ‹è¯• StyledComponent...
2025-10-03 21:43:28,242 - theme_system.theme_manager - INFO - å·²åŠ è½½ 4 ä¸ªä¸»é¢˜
2025-10-03 21:43:28,243 - theme_system.theme_manager - INFO - åº”ç”¨é»˜è®¤ä¸»é¢˜: dark
2025-10-03 21:43:28,243 - theme_system.theme_manager - INFO - ä¸»é¢˜ç®¡ç†å™¨åˆå§‹åŒ–å®Œæˆ
2025-10-03 21:43:28,243 - __main__ - ERROR - âŒ StyledComponent æµ‹è¯•å¤±è´¥: 'TestStyledComponent' object has no attribute '_CTkScalingBaseClass__scaling_type'
2025-10-03 21:43:28,245 - __main__ - ERROR - é”™è¯¯è¯¦æƒ…:
Traceback (most recent call last):
  File "D:\AI_NovelGenerator\test_base_components.py", line 86, in test_styled_component
    test_component = TestStyledComponent(
                     ^^^^^^^^^^^^^^^^^^^^
  File "D:\AI_NovelGenerator\test_base_components.py", line 45, in __init__
    StyledComponent.__init__(self, parent, theme_manager, state_manager)
  File "D:\AI_NovelGenerator\ui\components\base_components.py", line 70, in __init__
    self._initialize_component()
  File "D:\AI_NovelGenerator\test_base_components.py", line 50, in _initialize_component
    self.configure(
  File "D:\AI_NovelGenerator\.venv\Lib\site-packages\customtkinter\windows\widgets\ctk_frame.py", line 167, in configure
    super().configure(require_redraw=require_redraw, **kwargs)
  File "D:\AI_NovelGenerator\.venv\Lib\site-packages\customtkinter\windows\widgets\core_widget_classes\ctk_base_class.py", line 117, in configure
    self._set_dimensions(width=kwargs.pop("width"))
  File "D:\AI_NovelGenerator\.venv\Lib\site-packages\customtkinter\windows\widgets\ctk_frame.py", line 88, in _set_dimensions
    super()._set_dimensions(width, height)
  File "D:\AI_NovelGenerator\.venv\Lib\site-packages\customtkinter\windows\widgets\core_widget_classes\ctk_base_class.py", line 240, in _set_dimensions
    super().configure(width=self._apply_widget_scaling(self._desired_width),
                            ^^^^^^^^^^^^^^^^^^^^^^^^^^^^^^^^^^^^^^^^^^^^^^^
  File "D:\AI_NovelGenerator\.venv\Lib\site-packages\customtkinter\windows\widgets\scaling\scaling_base_class.py", line 61, in _apply_widget_scaling
    assert self.__scaling_type == "widget"
           ^^^^^^^^^^^^^^^^^^^
AttributeError: 'TestStyledComponent' object has no attribute '_CTkScalingBaseClass__scaling_type'

2025-10-03 21:43:28,245 - __main__ - ERROR - âŒ StyledComponentåŸºç±» å¤±è´¥
2025-10-03 21:43:28,245 - __main__ - INFO - 
--- ComponentFactoryå·¥å‚ ---
2025-10-03 21:43:28,245 - __main__ - INFO - å¼€å§‹æµ‹è¯• ComponentFactory...
2025-10-03 21:43:28,246 - ui.components.base_components - INFO - æ³¨å†Œç»„ä»¶ç±»å‹: test_component -> TestStyledComponent
2025-10-03 21:43:28,246 - __main__ - INFO - âœ… ç»„ä»¶æ³¨å†ŒéªŒè¯é€šè¿‡
2025-10-03 21:43:28,246 - __main__ - INFO - âœ… æ³¨å†Œç±»å‹éªŒè¯é€šè¿‡
2025-10-03 21:43:28,322 - ui.components.base_components - ERROR - åˆ›å»ºç»„ä»¶å¤±è´¥ test_component: 'TestStyledComponent' object has no attribute '_CTkScalingBaseClass__scaling_type'
2025-10-03 21:43:28,322 - __main__ - ERROR - âŒ ComponentFactory æµ‹è¯•å¤±è´¥: ç»„ä»¶åˆ›å»ºåº”è¯¥æˆåŠŸ
2025-10-03 21:43:28,323 - __main__ - ERROR - é”™è¯¯è¯¦æƒ…:
Traceback (most recent call last):
  File "D:\AI_NovelGenerator\test_base_components.py", line 180, in test_component_factory
    assert test_component is not None, "ç»„ä»¶åˆ›å»ºåº”è¯¥æˆåŠŸ"
           ^^^^^^^^^^^^^^^^^^^^^^^^^^
AssertionError: ç»„ä»¶åˆ›å»ºåº”è¯¥æˆåŠŸ

2025-10-03 21:43:28,323 - __main__ - ERROR - âŒ ComponentFactoryå·¥å‚ å¤±è´¥
2025-10-03 21:43:28,323 - __main__ - INFO - 
--- ä¾¿æ·å‡½æ•° ---
2025-10-03 21:43:28,323 - __main__ - INFO - å¼€å§‹æµ‹è¯•ä¾¿æ·å‡½æ•°...
2025-10-03 21:43:28,323 - __main__ - ERROR - âŒ ä¾¿æ·å‡½æ•°æµ‹è¯•å¤±è´¥: name 'TestStyledButton' is not defined
2025-10-03 21:43:28,323 - __main__ - ERROR - é”™è¯¯è¯¦æƒ…:
Traceback (most recent call last):
  File "D:\AI_NovelGenerator\test_base_components.py", line 224, in test_convenience_functions
    success = register_component("test_button2", TestStyledButton)
                                                 ^^^^^^^^^^^^^^^^
NameError: name 'TestStyledButton' is not defined

2025-10-03 21:43:28,323 - __main__ - ERROR - âŒ ä¾¿æ·å‡½æ•° å¤±è´¥
2025-10-03 21:43:28,323 - __main__ - INFO - 
--- ç»„ä»¶ç”Ÿå‘½å‘¨æœŸ ---
2025-10-03 21:43:28,323 - __main__ - INFO - å¼€å§‹æµ‹è¯•ç»„ä»¶ç”Ÿå‘½å‘¨æœŸ...
2025-10-03 21:43:28,371 - __main__ - ERROR - âŒ ç»„ä»¶ç”Ÿå‘½å‘¨æœŸæµ‹è¯•å¤±è´¥: name 'TestStyledButton' is not defined
2025-10-03 21:43:28,371 - __main__ - ERROR - é”™è¯¯è¯¦æƒ…:
Traceback (most recent call last):
  File "D:\AI_NovelGenerator\test_base_components.py", line 274, in test_component_lifecycle
    test_button = TestStyledButton(
                  ^^^^^^^^^^^^^^^^
NameError: name 'TestStyledButton' is not defined

2025-10-03 21:43:28,371 - __main__ - ERROR - âŒ ç»„ä»¶ç”Ÿå‘½å‘¨æœŸ å¤±è´¥
2025-10-03 21:43:28,371 - __main__ - INFO - 
============================================================
2025-10-03 21:43:28,371 - __main__ - INFO - æµ‹è¯•ç»“æœ: 0/4 é€šè¿‡
2025-10-03 21:43:28,371 - __main__ - INFO - ============================================================
2025-10-03 21:43:28,371 - __main__ - ERROR - ğŸ’¥ æœ‰ 4 ä¸ªæµ‹è¯•å¤±è´¥
2025-10-03 21:43:55,525 - __main__ - INFO - ============================================================
2025-10-03 21:43:55,525 - __main__ - INFO - STORY-002 BUILDé˜¶æ®µDay1 ä»»åŠ¡1.2 æµ‹è¯•
2025-10-03 21:43:55,525 - __main__ - INFO - ============================================================
2025-10-03 21:43:55,525 - __main__ - INFO - 
--- StyledComponentåŸºç±» ---
2025-10-03 21:43:55,525 - __main__ - INFO - å¼€å§‹æµ‹è¯• StyledComponent...
2025-10-03 21:43:55,764 - theme_system.theme_manager - INFO - å·²åŠ è½½ 4 ä¸ªä¸»é¢˜
2025-10-03 21:43:55,764 - theme_system.theme_manager - INFO - åº”ç”¨é»˜è®¤ä¸»é¢˜: dark
2025-10-03 21:43:55,764 - theme_system.theme_manager - INFO - ä¸»é¢˜ç®¡ç†å™¨åˆå§‹åŒ–å®Œæˆ
2025-10-03 21:43:55,765 - __main__ - ERROR - âŒ StyledComponent æµ‹è¯•å¤±è´¥: 'TestStyledComponent' object has no attribute 'tk'
2025-10-03 21:43:55,767 - __main__ - ERROR - é”™è¯¯è¯¦æƒ…:
Traceback (most recent call last):
  File "D:\AI_NovelGenerator\test_base_components.py", line 76, in test_styled_component
    test_component = TestStyledComponent(
                     ^^^^^^^^^^^^^^^^^^^^
  File "D:\AI_NovelGenerator\test_base_components.py", line 37, in __init__
    StyledComponent.__init__(self, parent, theme_manager, state_manager)
  File "D:\AI_NovelGenerator\ui\components\base_components.py", line 70, in __init__
    self._initialize_component()
  File "D:\AI_NovelGenerator\test_base_components.py", line 43, in _initialize_component
    self.label = ctk.CTkLabel(self, text="æ ·å¼åŒ–æµ‹è¯•ç»„ä»¶")
                 ^^^^^^^^^^^^^^^^^^^^^^^^^^^^^^^^^^^^^^^^^
  File "D:\AI_NovelGenerator\.venv\Lib\site-packages\customtkinter\windows\widgets\ctk_label.py", line 45, in __init__
    super().__init__(master=master, bg_color=bg_color, width=width, height=height)
  File "D:\AI_NovelGenerator\.venv\Lib\site-packages\customtkinter\windows\widgets\core_widget_classes\ctk_base_class.py", line 41, in __init__
    tkinter.Frame.__init__(self, master=master, width=width, height=height, **pop_from_dict_by_set(kwargs, self._valid_tk_frame_attributes))
  File "C:\Program Files\WindowsApps\PythonSoftwareFoundation.Python.3.11_3.11.2544.0_x64__qbz5n2kfra8p0\Lib\tkinter\__init__.py", line 3212, in __init__
    Widget.__init__(self, master, 'frame', cnf, {}, extra)
  File "C:\Program Files\WindowsApps\PythonSoftwareFoundation.Python.3.11_3.11.2544.0_x64__qbz5n2kfra8p0\Lib\tkinter\__init__.py", line 2641, in __init__
    self._setup(master, cnf)
  File "C:\Program Files\WindowsApps\PythonSoftwareFoundation.Python.3.11_3.11.2544.0_x64__qbz5n2kfra8p0\Lib\tkinter\__init__.py", line 2610, in _setup
    self.tk = master.tk
              ^^^^^^^^^
AttributeError: 'TestStyledComponent' object has no attribute 'tk'

2025-10-03 21:43:55,767 - __main__ - ERROR - âŒ StyledComponentåŸºç±» å¤±è´¥
2025-10-03 21:43:55,767 - __main__ - INFO - 
--- ComponentFactoryå·¥å‚ ---
2025-10-03 21:43:55,767 - __main__ - INFO - å¼€å§‹æµ‹è¯• ComponentFactory...
2025-10-03 21:43:55,767 - ui.components.base_components - INFO - æ³¨å†Œç»„ä»¶ç±»å‹: test_component -> TestStyledComponent
2025-10-03 21:43:55,767 - __main__ - INFO - âœ… ç»„ä»¶æ³¨å†ŒéªŒè¯é€šè¿‡
2025-10-03 21:43:55,767 - __main__ - INFO - âœ… æ³¨å†Œç±»å‹éªŒè¯é€šè¿‡
2025-10-03 21:43:55,815 - ui.components.base_components - ERROR - åˆ›å»ºç»„ä»¶å¤±è´¥ test_component: 'TestStyledComponent' object has no attribute 'tk'
2025-10-03 21:43:55,815 - __main__ - ERROR - âŒ ComponentFactory æµ‹è¯•å¤±è´¥: ç»„ä»¶åˆ›å»ºåº”è¯¥æˆåŠŸ
2025-10-03 21:43:55,815 - __main__ - ERROR - é”™è¯¯è¯¦æƒ…:
Traceback (most recent call last):
  File "D:\AI_NovelGenerator\test_base_components.py", line 170, in test_component_factory
    assert test_component is not None, "ç»„ä»¶åˆ›å»ºåº”è¯¥æˆåŠŸ"
           ^^^^^^^^^^^^^^^^^^^^^^^^^^
AssertionError: ç»„ä»¶åˆ›å»ºåº”è¯¥æˆåŠŸ

2025-10-03 21:43:55,816 - __main__ - ERROR - âŒ ComponentFactoryå·¥å‚ å¤±è´¥
2025-10-03 21:43:55,816 - __main__ - INFO - 
--- ä¾¿æ·å‡½æ•° ---
2025-10-03 21:43:55,816 - __main__ - INFO - å¼€å§‹æµ‹è¯•ä¾¿æ·å‡½æ•°...
2025-10-03 21:43:55,816 - ui.components.base_components - INFO - æ³¨å†Œç»„ä»¶ç±»å‹: test_component2 -> TestStyledComponent
2025-10-03 21:43:55,816 - __main__ - INFO - âœ… ä¾¿æ·å‡½æ•°æ³¨å†ŒéªŒè¯é€šè¿‡
2025-10-03 21:43:55,854 - ui.components.base_components - ERROR - åˆ›å»ºç»„ä»¶å¤±è´¥ test_component2: 'TestStyledComponent' object has no attribute 'tk'
2025-10-03 21:43:55,854 - __main__ - ERROR - âŒ ä¾¿æ·å‡½æ•°æµ‹è¯•å¤±è´¥: ä¾¿æ·å‡½æ•°åˆ›å»ºåº”è¯¥æˆåŠŸ
2025-10-03 21:43:55,855 - __main__ - ERROR - é”™è¯¯è¯¦æƒ…:
Traceback (most recent call last):
  File "D:\AI_NovelGenerator\test_base_components.py", line 230, in test_convenience_functions
    assert test_component is not None, "ä¾¿æ·å‡½æ•°åˆ›å»ºåº”è¯¥æˆåŠŸ"
           ^^^^^^^^^^^^^^^^^^^^^^^^^^
AssertionError: ä¾¿æ·å‡½æ•°åˆ›å»ºåº”è¯¥æˆåŠŸ

2025-10-03 21:43:55,855 - __main__ - ERROR - âŒ ä¾¿æ·å‡½æ•° å¤±è´¥
2025-10-03 21:43:55,855 - __main__ - INFO - 
--- ç»„ä»¶ç”Ÿå‘½å‘¨æœŸ ---
2025-10-03 21:43:55,855 - __main__ - INFO - å¼€å§‹æµ‹è¯•ç»„ä»¶ç”Ÿå‘½å‘¨æœŸ...
2025-10-03 21:43:55,895 - __main__ - ERROR - âŒ ç»„ä»¶ç”Ÿå‘½å‘¨æœŸæµ‹è¯•å¤±è´¥: 'TestStyledComponent' object has no attribute 'tk'
2025-10-03 21:43:55,895 - __main__ - ERROR - é”™è¯¯è¯¦æƒ…:
Traceback (most recent call last):
  File "D:\AI_NovelGenerator\test_base_components.py", line 263, in test_component_lifecycle
    test_component = TestStyledComponent(
                     ^^^^^^^^^^^^^^^^^^^^
  File "D:\AI_NovelGenerator\test_base_components.py", line 37, in __init__
    StyledComponent.__init__(self, parent, theme_manager, state_manager)
  File "D:\AI_NovelGenerator\ui\components\base_components.py", line 70, in __init__
    self._initialize_component()
  File "D:\AI_NovelGenerator\test_base_components.py", line 43, in _initialize_component
    self.label = ctk.CTkLabel(self, text="æ ·å¼åŒ–æµ‹è¯•ç»„ä»¶")
                 ^^^^^^^^^^^^^^^^^^^^^^^^^^^^^^^^^^^^^^^^^
  File "D:\AI_NovelGenerator\.venv\Lib\site-packages\customtkinter\windows\widgets\ctk_label.py", line 45, in __init__
    super().__init__(master=master, bg_color=bg_color, width=width, height=height)
  File "D:\AI_NovelGenerator\.venv\Lib\site-packages\customtkinter\windows\widgets\core_widget_classes\ctk_base_class.py", line 41, in __init__
    tkinter.Frame.__init__(self, master=master, width=width, height=height, **pop_from_dict_by_set(kwargs, self._valid_tk_frame_attributes))
  File "C:\Program Files\WindowsApps\PythonSoftwareFoundation.Python.3.11_3.11.2544.0_x64__qbz5n2kfra8p0\Lib\tkinter\__init__.py", line 3212, in __init__
    Widget.__init__(self, master, 'frame', cnf, {}, extra)
  File "C:\Program Files\WindowsApps\PythonSoftwareFoundation.Python.3.11_3.11.2544.0_x64__qbz5n2kfra8p0\Lib\tkinter\__init__.py", line 2641, in __init__
    self._setup(master, cnf)
  File "C:\Program Files\WindowsApps\PythonSoftwareFoundation.Python.3.11_3.11.2544.0_x64__qbz5n2kfra8p0\Lib\tkinter\__init__.py", line 2610, in _setup
    self.tk = master.tk
              ^^^^^^^^^
AttributeError: 'TestStyledComponent' object has no attribute 'tk'

2025-10-03 21:43:55,896 - __main__ - ERROR - âŒ ç»„ä»¶ç”Ÿå‘½å‘¨æœŸ å¤±è´¥
2025-10-03 21:43:55,896 - __main__ - INFO - 
============================================================
2025-10-03 21:43:55,896 - __main__ - INFO - æµ‹è¯•ç»“æœ: 0/4 é€šè¿‡
2025-10-03 21:43:55,896 - __main__ - INFO - ============================================================
2025-10-03 21:43:55,896 - __main__ - ERROR - ğŸ’¥ æœ‰ 4 ä¸ªæµ‹è¯•å¤±è´¥
2025-10-03 21:44:08,244 - __main__ - INFO - ============================================================
2025-10-03 21:44:08,244 - __main__ - INFO - STORY-002 BUILDé˜¶æ®µDay1 ä»»åŠ¡1.2 æµ‹è¯•
2025-10-03 21:44:08,244 - __main__ - INFO - ============================================================
2025-10-03 21:44:08,245 - __main__ - INFO - 
--- StyledComponentåŸºç±» ---
2025-10-03 21:44:08,245 - __main__ - INFO - å¼€å§‹æµ‹è¯• StyledComponent...
2025-10-03 21:44:08,475 - theme_system.theme_manager - INFO - å·²åŠ è½½ 4 ä¸ªä¸»é¢˜
2025-10-03 21:44:08,475 - theme_system.theme_manager - INFO - åº”ç”¨é»˜è®¤ä¸»é¢˜: neutral
2025-10-03 21:44:08,475 - theme_system.theme_manager - INFO - ä¸»é¢˜ç®¡ç†å™¨åˆå§‹åŒ–å®Œæˆ
2025-10-03 21:44:08,487 - __main__ - INFO - âœ… StyledComponent åˆ›å»ºæˆåŠŸ
2025-10-03 21:44:08,487 - __main__ - INFO - âœ… ç»„ä»¶çŠ¶æ€éªŒè¯é€šè¿‡
2025-10-03 21:44:08,487 - __main__ - INFO - ç»„ä»¶äº‹ä»¶è§¦å‘: æ ·å¼åŒ–æµ‹è¯•ç»„ä»¶
2025-10-03 21:44:08,487 - __main__ - INFO - âœ… äº‹ä»¶å¤„ç†éªŒè¯é€šè¿‡
2025-10-03 21:44:08,487 - __main__ - INFO - âœ… ä¸»é¢˜åº”ç”¨éªŒè¯é€šè¿‡
2025-10-03 21:44:08,487 - __main__ - INFO - âœ… æ€§èƒ½æŒ‡æ ‡éªŒè¯é€šè¿‡
2025-10-03 21:44:08,487 - __main__ - INFO - âœ… ç»„ä»¶ä¿¡æ¯éªŒè¯é€šè¿‡
2025-10-03 21:44:08,487 - __main__ - INFO - æ˜¾ç¤ºæµ‹è¯•çª—å£ï¼Œè¯·æ‰‹åŠ¨éªŒè¯ç»„ä»¶åŠŸèƒ½...
2025-10-03 21:44:08,488 - __main__ - INFO - æµ‹è¯•é¡¹ç›®:
2025-10-03 21:44:08,488 - __main__ - INFO - 1. æŒ‰é’®æ˜¯å¦æ­£å¸¸æ˜¾ç¤º
2025-10-03 21:44:08,488 - __main__ - INFO - 2. ä¸»é¢˜æ˜¯å¦æ­£ç¡®åº”ç”¨
2025-10-03 21:44:08,488 - __main__ - INFO - 3. ç‚¹å‡»æŒ‰é’®æ˜¯å¦è§¦å‘äº‹ä»¶
2025-10-03 21:44:08,488 - __main__ - INFO - æŒ‰ Ctrl+C æˆ–å…³é—­çª—å£é€€å‡ºæµ‹è¯•
2025-10-03 21:45:20,588 - __main__ - INFO - ============================================================
2025-10-03 21:45:20,588 - __main__ - INFO - STORY-002 BUILDé˜¶æ®µDay1 ä»»åŠ¡1.2 æµ‹è¯•
2025-10-03 21:45:20,589 - __main__ - INFO - ============================================================
2025-10-03 21:45:20,589 - __main__ - INFO - 
--- StyledComponentåŸºç±» ---
2025-10-03 21:45:20,589 - __main__ - INFO - å¼€å§‹æµ‹è¯• StyledComponent...
2025-10-03 21:45:20,818 - theme_system.theme_manager - INFO - å·²åŠ è½½ 4 ä¸ªä¸»é¢˜
2025-10-03 21:45:20,818 - theme_system.theme_manager - INFO - åº”ç”¨é»˜è®¤ä¸»é¢˜: neutral
2025-10-03 21:45:20,818 - theme_system.theme_manager - INFO - ä¸»é¢˜ç®¡ç†å™¨åˆå§‹åŒ–å®Œæˆ
2025-10-03 21:45:20,830 - __main__ - INFO - âœ… StyledComponent åˆ›å»ºæˆåŠŸ
2025-10-03 21:45:20,830 - __main__ - INFO - âœ… ç»„ä»¶çŠ¶æ€éªŒè¯é€šè¿‡
2025-10-03 21:45:20,830 - __main__ - INFO - ç»„ä»¶äº‹ä»¶è§¦å‘: æ ·å¼åŒ–æµ‹è¯•ç»„ä»¶
2025-10-03 21:45:20,831 - __main__ - INFO - âœ… äº‹ä»¶å¤„ç†éªŒè¯é€šè¿‡
2025-10-03 21:45:20,831 - __main__ - INFO - âœ… ä¸»é¢˜åº”ç”¨éªŒè¯é€šè¿‡
2025-10-03 21:45:20,831 - __main__ - INFO - âœ… æ€§èƒ½æŒ‡æ ‡éªŒè¯é€šè¿‡
2025-10-03 21:45:20,831 - __main__ - INFO - âœ… ç»„ä»¶ä¿¡æ¯éªŒè¯é€šè¿‡
2025-10-03 21:45:20,831 - __main__ - INFO - æ˜¾ç¤ºæµ‹è¯•çª—å£ï¼Œè¯·æ‰‹åŠ¨éªŒè¯ç»„ä»¶åŠŸèƒ½...
2025-10-03 21:45:20,831 - __main__ - INFO - æµ‹è¯•é¡¹ç›®:
2025-10-03 21:45:20,831 - __main__ - INFO - 1. æŒ‰é’®æ˜¯å¦æ­£å¸¸æ˜¾ç¤º
2025-10-03 21:45:20,831 - __main__ - INFO - 2. ä¸»é¢˜æ˜¯å¦æ­£ç¡®åº”ç”¨
2025-10-03 21:45:20,831 - __main__ - INFO - 3. ç‚¹å‡»æŒ‰é’®æ˜¯å¦è§¦å‘äº‹ä»¶
2025-10-03 21:45:20,832 - __main__ - INFO - æŒ‰ Ctrl+C æˆ–å…³é—­çª—å£é€€å‡ºæµ‹è¯•
2025-10-03 21:45:29,024 - __main__ - INFO - ç»„ä»¶äº‹ä»¶è§¦å‘: æ ·å¼åŒ–æµ‹è¯•ç»„ä»¶
2025-10-03 21:46:00,036 - __main__ - INFO - âœ… StyledComponent æµ‹è¯•å®Œæˆ
2025-10-03 21:46:00,036 - __main__ - INFO - âœ… StyledComponentåŸºç±» é€šè¿‡
2025-10-03 21:46:00,036 - __main__ - INFO - 
--- ComponentFactoryå·¥å‚ ---
2025-10-03 21:46:00,036 - __main__ - INFO - å¼€å§‹æµ‹è¯• ComponentFactory...
2025-10-03 21:46:00,036 - ui.components.base_components - INFO - æ³¨å†Œç»„ä»¶ç±»å‹: test_component -> TestStyledComponent
2025-10-03 21:46:00,037 - __main__ - INFO - âœ… ç»„ä»¶æ³¨å†ŒéªŒè¯é€šè¿‡
2025-10-03 21:46:00,037 - __main__ - INFO - âœ… æ³¨å†Œç±»å‹éªŒè¯é€šè¿‡
2025-10-03 21:46:00,130 - __main__ - INFO - âœ… ç»„ä»¶åˆ›å»ºéªŒè¯é€šè¿‡
2025-10-03 21:46:00,130 - __main__ - INFO - âœ… ç»„ä»¶è·å–éªŒè¯é€šè¿‡
2025-10-03 21:46:00,130 - __main__ - INFO - âœ… æŒ‰ç±»å‹è·å–éªŒè¯é€šè¿‡
2025-10-03 21:46:00,130 - __main__ - INFO - âœ… åˆ›å»ºç»Ÿè®¡éªŒè¯é€šè¿‡
2025-10-03 21:46:00,130 - __main__ - ERROR - âŒ ComponentFactory æµ‹è¯•å¤±è´¥: name 'test_button' is not defined
2025-10-03 21:46:00,131 - __main__ - ERROR - é”™è¯¯è¯¦æƒ…:
Traceback (most recent call last):
  File "d:\AI_NovelGenerator\test_base_components.py", line 190, in test_component_factory
    destroy_success = factory.destroy_component(test_button._component_id)
                                                ^^^^^^^^^^^
NameError: name 'test_button' is not defined

2025-10-03 21:46:00,131 - __main__ - ERROR - âŒ ComponentFactoryå·¥å‚ å¤±è´¥
2025-10-03 21:46:00,131 - __main__ - INFO - 
--- ä¾¿æ·å‡½æ•° ---
2025-10-03 21:46:00,132 - __main__ - INFO - å¼€å§‹æµ‹è¯•ä¾¿æ·å‡½æ•°...
2025-10-03 21:46:00,132 - ui.components.base_components - INFO - æ³¨å†Œç»„ä»¶ç±»å‹: test_component2 -> TestStyledComponent
2025-10-03 21:46:00,132 - __main__ - INFO - âœ… ä¾¿æ·å‡½æ•°æ³¨å†ŒéªŒè¯é€šè¿‡
2025-10-03 21:46:00,184 - __main__ - INFO - âœ… ä¾¿æ·å‡½æ•°åˆ›å»ºéªŒè¯é€šè¿‡
2025-10-03 21:46:00,184 - __main__ - INFO - âœ… è·å–å·¥å‚éªŒè¯é€šè¿‡
2025-10-03 21:46:00,197 - __main__ - INFO - âœ… ä¾¿æ·å‡½æ•°æµ‹è¯•å®Œæˆ
2025-10-03 21:46:00,197 - __main__ - INFO - âœ… ä¾¿æ·å‡½æ•° é€šè¿‡
2025-10-03 21:46:00,197 - __main__ - INFO - 
--- ç»„ä»¶ç”Ÿå‘½å‘¨æœŸ ---
2025-10-03 21:46:00,198 - __main__ - INFO - å¼€å§‹æµ‹è¯•ç»„ä»¶ç”Ÿå‘½å‘¨æœŸ...
2025-10-03 21:46:00,261 - __main__ - INFO - âœ… åˆå§‹çŠ¶æ€éªŒè¯é€šè¿‡
2025-10-03 21:46:00,262 - __main__ - INFO - âœ… æ˜¾ç¤ºåŠŸèƒ½éªŒè¯é€šè¿‡
2025-10-03 21:46:00,262 - __main__ - INFO - âœ… éšè—åŠŸèƒ½éªŒè¯é€šè¿‡
2025-10-03 21:46:00,262 - ui.components.base_components - ERROR - å¯ç”¨ç»„ä»¶å¤±è´¥ TestStyledComponent_2013576322768: ['state'] are not supported arguments. Look at the documentation for supported arguments.
2025-10-03 21:46:00,262 - __main__ - ERROR - âŒ ç»„ä»¶ç”Ÿå‘½å‘¨æœŸæµ‹è¯•å¤±è´¥: å¯ç”¨ååº”è¯¥å°±ç»ª
2025-10-03 21:46:00,263 - __main__ - ERROR - é”™è¯¯è¯¦æƒ…:
Traceback (most recent call last):
  File "d:\AI_NovelGenerator\test_base_components.py", line 284, in test_component_lifecycle
    assert test_component.is_ready(), "å¯ç”¨ååº”è¯¥å°±ç»ª"
           ^^^^^^^^^^^^^^^^^^^^^^^^^
AssertionError: å¯ç”¨ååº”è¯¥å°±ç»ª

2025-10-03 21:46:00,263 - __main__ - ERROR - âŒ ç»„ä»¶ç”Ÿå‘½å‘¨æœŸ å¤±è´¥
2025-10-03 21:46:00,263 - __main__ - INFO - 
============================================================
2025-10-03 21:46:00,263 - __main__ - INFO - æµ‹è¯•ç»“æœ: 2/4 é€šè¿‡
2025-10-03 21:46:00,263 - __main__ - INFO - ============================================================
2025-10-03 21:46:00,263 - __main__ - ERROR - ğŸ’¥ æœ‰ 2 ä¸ªæµ‹è¯•å¤±è´¥
2025-10-03 21:51:07,800 - __main__ - INFO - ============================================================
2025-10-03 21:51:07,800 - __main__ - INFO - STORY-002 BUILDé˜¶æ®µDay1 ä»»åŠ¡1.2 æµ‹è¯•
2025-10-03 21:51:07,800 - __main__ - INFO - ============================================================
2025-10-03 21:51:07,800 - __main__ - INFO - 
--- StyledComponentåŸºç±» ---
2025-10-03 21:51:07,801 - __main__ - INFO - å¼€å§‹æµ‹è¯• StyledComponent...
2025-10-03 21:51:08,048 - theme_system.theme_manager - INFO - å·²åŠ è½½ 4 ä¸ªä¸»é¢˜
2025-10-03 21:51:08,049 - theme_system.theme_manager - INFO - åº”ç”¨é»˜è®¤ä¸»é¢˜: neutral
2025-10-03 21:51:08,049 - theme_system.theme_manager - INFO - ä¸»é¢˜ç®¡ç†å™¨åˆå§‹åŒ–å®Œæˆ
2025-10-03 21:51:08,070 - __main__ - INFO - âœ… StyledComponent åˆ›å»ºæˆåŠŸ
2025-10-03 21:51:08,071 - __main__ - INFO - âœ… ç»„ä»¶çŠ¶æ€éªŒè¯é€šè¿‡
2025-10-03 21:51:08,071 - __main__ - INFO - ç»„ä»¶äº‹ä»¶è§¦å‘: æ ·å¼åŒ–æµ‹è¯•ç»„ä»¶
2025-10-03 21:51:08,071 - __main__ - INFO - âœ… äº‹ä»¶å¤„ç†éªŒè¯é€šè¿‡
2025-10-03 21:51:08,071 - __main__ - INFO - âœ… ä¸»é¢˜åº”ç”¨éªŒè¯é€šè¿‡
2025-10-03 21:51:08,071 - __main__ - INFO - âœ… æ€§èƒ½æŒ‡æ ‡éªŒè¯é€šè¿‡
2025-10-03 21:51:08,072 - __main__ - INFO - âœ… ç»„ä»¶ä¿¡æ¯éªŒè¯é€šè¿‡
2025-10-03 21:51:08,072 - __main__ - INFO - æ˜¾ç¤ºæµ‹è¯•çª—å£ï¼Œè¯·æ‰‹åŠ¨éªŒè¯ç»„ä»¶åŠŸèƒ½...
2025-10-03 21:51:08,072 - __main__ - INFO - æµ‹è¯•é¡¹ç›®:
2025-10-03 21:51:08,072 - __main__ - INFO - 1. æŒ‰é’®æ˜¯å¦æ­£å¸¸æ˜¾ç¤º
2025-10-03 21:51:08,072 - __main__ - INFO - 2. ä¸»é¢˜æ˜¯å¦æ­£ç¡®åº”ç”¨
2025-10-03 21:51:08,072 - __main__ - INFO - 3. ç‚¹å‡»æŒ‰é’®æ˜¯å¦è§¦å‘äº‹ä»¶
2025-10-03 21:51:08,072 - __main__ - INFO - æŒ‰ Ctrl+C æˆ–å…³é—­çª—å£é€€å‡ºæµ‹è¯•
2025-10-03 21:51:10,790 - __main__ - INFO - âœ… StyledComponent æµ‹è¯•å®Œæˆ
2025-10-03 21:51:10,790 - __main__ - INFO - âœ… StyledComponentåŸºç±» é€šè¿‡
2025-10-03 21:51:10,790 - __main__ - INFO - 
--- ComponentFactoryå·¥å‚ ---
2025-10-03 21:51:10,791 - __main__ - INFO - å¼€å§‹æµ‹è¯• ComponentFactory...
2025-10-03 21:51:10,791 - ui.components.base_components - INFO - æ³¨å†Œç»„ä»¶ç±»å‹: test_component -> TestStyledComponent
2025-10-03 21:51:10,791 - __main__ - INFO - âœ… ç»„ä»¶æ³¨å†ŒéªŒè¯é€šè¿‡
2025-10-03 21:51:10,791 - __main__ - INFO - âœ… æ³¨å†Œç±»å‹éªŒè¯é€šè¿‡
2025-10-03 21:51:10,861 - __main__ - INFO - âœ… ç»„ä»¶åˆ›å»ºéªŒè¯é€šè¿‡
2025-10-03 21:51:10,861 - __main__ - INFO - âœ… ç»„ä»¶è·å–éªŒè¯é€šè¿‡
2025-10-03 21:51:10,861 - __main__ - INFO - âœ… æŒ‰ç±»å‹è·å–éªŒè¯é€šè¿‡
2025-10-03 21:51:10,861 - __main__ - INFO - âœ… åˆ›å»ºç»Ÿè®¡éªŒè¯é€šè¿‡
2025-10-03 21:51:10,862 - __main__ - ERROR - âŒ ComponentFactory æµ‹è¯•å¤±è´¥: name 'test_button' is not defined
2025-10-03 21:51:10,863 - __main__ - ERROR - é”™è¯¯è¯¦æƒ…:
Traceback (most recent call last):
  File "d:\AI_NovelGenerator\test_base_components.py", line 190, in test_component_factory
    destroy_success = factory.destroy_component(test_button._component_id)
                                                ^^^^^^^^^^^
NameError: name 'test_button' is not defined

2025-10-03 21:51:10,863 - __main__ - ERROR - âŒ ComponentFactoryå·¥å‚ å¤±è´¥
2025-10-03 21:51:10,863 - __main__ - INFO - 
--- ä¾¿æ·å‡½æ•° ---
2025-10-03 21:51:10,863 - __main__ - INFO - å¼€å§‹æµ‹è¯•ä¾¿æ·å‡½æ•°...
2025-10-03 21:51:10,863 - ui.components.base_components - INFO - æ³¨å†Œç»„ä»¶ç±»å‹: test_component2 -> TestStyledComponent
2025-10-03 21:51:10,863 - __main__ - INFO - âœ… ä¾¿æ·å‡½æ•°æ³¨å†ŒéªŒè¯é€šè¿‡
2025-10-03 21:51:10,911 - __main__ - INFO - âœ… ä¾¿æ·å‡½æ•°åˆ›å»ºéªŒè¯é€šè¿‡
2025-10-03 21:51:10,912 - __main__ - INFO - âœ… è·å–å·¥å‚éªŒè¯é€šè¿‡
2025-10-03 21:51:10,920 - __main__ - INFO - âœ… ä¾¿æ·å‡½æ•°æµ‹è¯•å®Œæˆ
2025-10-03 21:51:10,921 - __main__ - INFO - âœ… ä¾¿æ·å‡½æ•° é€šè¿‡
2025-10-03 21:51:10,921 - __main__ - INFO - 
--- ç»„ä»¶ç”Ÿå‘½å‘¨æœŸ ---
2025-10-03 21:51:10,921 - __main__ - INFO - å¼€å§‹æµ‹è¯•ç»„ä»¶ç”Ÿå‘½å‘¨æœŸ...
2025-10-03 21:51:10,967 - __main__ - INFO - âœ… åˆå§‹çŠ¶æ€éªŒè¯é€šè¿‡
2025-10-03 21:51:10,968 - __main__ - INFO - âœ… æ˜¾ç¤ºåŠŸèƒ½éªŒè¯é€šè¿‡
2025-10-03 21:51:10,968 - __main__ - INFO - âœ… éšè—åŠŸèƒ½éªŒè¯é€šè¿‡
2025-10-03 21:51:10,968 - ui.components.base_components - ERROR - å¯ç”¨ç»„ä»¶å¤±è´¥ TestStyledComponent_2206908661968: ['state'] are not supported arguments. Look at the documentation for supported arguments.
2025-10-03 21:51:10,968 - __main__ - ERROR - âŒ ç»„ä»¶ç”Ÿå‘½å‘¨æœŸæµ‹è¯•å¤±è´¥: å¯ç”¨ååº”è¯¥å°±ç»ª
2025-10-03 21:51:10,968 - __main__ - ERROR - é”™è¯¯è¯¦æƒ…:
Traceback (most recent call last):
  File "d:\AI_NovelGenerator\test_base_components.py", line 284, in test_component_lifecycle
    assert test_component.is_ready(), "å¯ç”¨ååº”è¯¥å°±ç»ª"
           ^^^^^^^^^^^^^^^^^^^^^^^^^
AssertionError: å¯ç”¨ååº”è¯¥å°±ç»ª

2025-10-03 21:51:10,969 - __main__ - ERROR - âŒ ç»„ä»¶ç”Ÿå‘½å‘¨æœŸ å¤±è´¥
2025-10-03 21:51:10,969 - __main__ - INFO - 
============================================================
2025-10-03 21:51:10,969 - __main__ - INFO - æµ‹è¯•ç»“æœ: 2/4 é€šè¿‡
2025-10-03 21:51:10,970 - __main__ - INFO - ============================================================
2025-10-03 21:51:10,970 - __main__ - ERROR - ğŸ’¥ æœ‰ 2 ä¸ªæµ‹è¯•å¤±è´¥
